<?xml version="1.0" encoding="UTF-8"?>
<!-- Generated by org.testng.reporters.JUnitReportReporter -->
<testsuite skipped="0" hostname="qainfotech-Latitude-3490" name="Bot" tests="1" failures="0" timestamp="14 Nov 2021 10:46:17 GMT" time="110.142" errors="0">
  <testcase name="verifyHeaderContent" time="110.142" classname="Bot"/>
</testsuite> <!-- Bot -->
